\BOOKMARK [1][-]{Doc-Start}{\376\377\000L\036\334\000I\000\040\000M\036\336\000\040\001\020\036\246\000U}{}% 1
\BOOKMARK [1][-]{Doc-Start}{\376\377\000L\036\334\000I\000\040\000C\000A\000M\000\040\001\020\000O\000A\000N}{}% 2
\BOOKMARK [1][-]{section.1}{\376\377\000T\036\324\000N\000G\000\040\000Q\000U\000A\000N\000\040\000V\036\300\000\040\000N\036\300\000N\000\040\000T\036\242\000N\000G\000\040\000V\000\315\000\040\001\020\000I\036\306\000N\000\040\000T\036\354\000\040\000S\000I\000N\000H\000\040\000V\000I\000\312\000N}{}% 3
\BOOKMARK [2][-]{subsection.1.1}{\376\377\000G\000i\036\333\000i\000\040\000t\000h\000i\036\307\000u}{section.1}% 4
\BOOKMARK [2][-]{subsection.1.2}{\376\377\000T\036\325\000n\000g\000\040\000q\000u\000a\000n\000\040\000h\036\307\000\040\000t\000h\036\321\000n\000g}{section.1}% 5
\BOOKMARK [3][-]{subsubsection.1.2.1}{\376\377\000M\036\345\000c\000\040\001\021\000\355\000c\000h\000\040\000h\036\307\000\040\000t\000h\036\321\000n\000g}{subsection.1.2}% 6
\BOOKMARK [3][-]{subsubsection.1.2.2}{\376\377\000K\000h\036\243\000o\000\040\000s\000\341\000t\000\040\000h\000i\036\307\000n\000\040\000t\000r\036\241\000n\000g\000\040\000v\000\340\000\040\000g\000i\036\243\000i\000\040\000p\000h\000\341\000p}{subsection.1.2}% 7
\BOOKMARK [3][-]{subsubsection.1.2.3}{\376\377\000Y\000\352\000u\000\040\000c\036\247\000u\000\040\000h\000o\036\241\000t\000\040\001\021\036\331\000n\000g\000\040\000c\036\347\000a\000\040\036\351\000n\000g\000\040\000d\036\345\000n\000g}{subsection.1.2}% 8
\BOOKMARK [2][-]{subsection.1.3}{\376\377\000T\000h\000i\036\277\000t\000\040\000k\036\277\000\040\000t\001\260\001\241\000n\000g\000\040\000t\000\341\000c}{section.1}% 9
\BOOKMARK [2][-]{subsection.1.4}{\376\377\000P\000h\001\260\001\241\000n\000g\000\040\000p\000h\000\341\000p\000\040\000t\000i\036\277\000p\000\040\000c\036\255\000n\000\040\000v\000\340\000\040\000g\000i\036\243\000i\000\040\000q\000u\000y\036\277\000t\000\040\000v\036\245\000n\000\040\001\021\036\301}{section.1}% 10
\BOOKMARK [3][-]{subsubsection.1.4.1}{\376\377\000M\000\364\000\040\000h\000\354\000n\000h\000\040\000t\036\325\000n\000g\000\040\000q\000u\000\341\000t\000\040\000h\036\307\000\040\000t\000h\036\321\000n\000g}{subsection.1.4}% 11
\BOOKMARK [3][-]{subsubsection.1.4.2}{\376\377\000K\000i\036\277\000n\000\040\000t\000r\000\372\000c\000\040\000p\000h\036\247\000n\000\040\000m\036\301\000m\000\040\000v\000\340\000\040\000C\000\364\000n\000g\000\040\000n\000g\000h\036\307}{subsection.1.4}% 12
\BOOKMARK [1][-]{section.2}{\376\377\000C\001\240\000\040\000S\036\336\000\040\000L\000\335\000\040\000T\000H\000U\000Y\036\276\000T}{}% 13
\BOOKMARK [2][-]{subsection.2.1}{\376\377\000G\000i\036\333\000i\000\040\000t\000h\000i\036\307\000u}{section.2}% 14
\BOOKMARK [2][-]{subsection.2.2}{\376\377\000M\000\364\000\040\000h\000\354\000n\000h\000\040\000C\000l\000i\000e\000n\000t\000-\000S\000e\000r\000v\000e\000r}{section.2}% 15
\BOOKMARK [2][-]{subsection.2.3}{\376\377\000C\000\364\000n\000g\000\040\000n\000g\000h\036\307\000\040\000B\000a\000c\000k\000e\000n\000d}{section.2}% 16
\BOOKMARK [3][-]{subsubsection.2.3.1}{\376\377\000N\000o\000d\000e\000.\000j\000s}{subsection.2.3}% 17
\BOOKMARK [3][-]{subsubsection.2.3.2}{\376\377\000E\000x\000p\000r\000e\000s\000s\000.\000j\000s}{subsection.2.3}% 18
\BOOKMARK [2][-]{subsection.2.4}{\376\377\000C\000\364\000n\000g\000\040\000n\000g\000h\036\307\000\040\000C\001\241\000\040\000s\036\337\000\040\000d\036\357\000\040\000l\000i\036\307\000u}{section.2}% 19
\BOOKMARK [3][-]{subsubsection.2.4.1}{\376\377\000M\000o\000n\000g\000o\000D\000B}{subsection.2.4}% 20
\BOOKMARK [2][-]{subsection.2.5}{\376\377\000C\000\364\000n\000g\000\040\000n\000g\000h\036\307\000\040\000M\000o\000b\000i\000l\000e}{section.2}% 21
\BOOKMARK [3][-]{subsubsection.2.5.1}{\376\377\000F\000l\000u\000t\000t\000e\000r}{subsection.2.5}% 22
\BOOKMARK [2][-]{subsection.2.6}{\376\377\000C\000\364\000n\000g\000\040\000n\000g\000h\036\307\000\040\000W\000e\000b\000\040\000F\000r\000o\000n\000t\000e\000n\000d}{section.2}% 23
\BOOKMARK [3][-]{subsubsection.2.6.1}{\376\377\000R\000e\000a\000c\000t\000.\000j\000s}{subsection.2.6}% 24
\BOOKMARK [2][-]{subsection.2.7}{\376\377\000C\000\364\000n\000g\000\040\000n\000g\000h\036\307\000\040\000T\000\355\000c\000h\000\040\000h\036\343\000p}{section.2}% 25
\BOOKMARK [3][-]{subsubsection.2.7.1}{\376\377\000M\000o\000M\000o\000\040\000P\000a\000y\000m\000e\000n\000t\000\040\000G\000a\000t\000e\000w\000a\000y}{subsection.2.7}% 26
\BOOKMARK [3][-]{subsubsection.2.7.2}{\376\377\000G\000o\000o\000g\000l\000e\000\040\000G\000e\000m\000i\000n\000i\000\040\000A\000P\000I}{subsection.2.7}% 27
\BOOKMARK [2][-]{subsection.2.8}{\376\377\000G\000i\000a\000o\000\040\000t\000h\036\351\000c\000\040\000v\000\340\000\040\000B\036\243\000o\000\040\000m\036\255\000t}{section.2}% 28
\BOOKMARK [3][-]{subsubsection.2.8.1}{\376\377\000R\000E\000S\000T\000f\000u\000l\000\040\000A\000P\000I}{subsection.2.8}% 29
\BOOKMARK [3][-]{subsubsection.2.8.2}{\376\377\000J\000W\000T\000\040\000\050\000J\000S\000O\000N\000\040\000W\000e\000b\000\040\000T\000o\000k\000e\000n\000\051}{subsection.2.8}% 30
\BOOKMARK [3][-]{subsubsection.2.8.3}{\376\377\000N\000F\000C\000\040\000\050\000N\000e\000a\000r\000\040\000F\000i\000e\000l\000d\000\040\000C\000o\000m\000m\000u\000n\000i\000c\000a\000t\000i\000o\000n\000\051}{subsection.2.8}% 31
\BOOKMARK [1][-]{section.3}{\376\377\000P\000H\000\302\000N\000\040\000T\000\315\000C\000H\000\040\000V\000\300\000\040\000T\000H\000I\036\276\000T\000\040\000K\036\276\000\040\000H\036\306\000\040\000T\000H\036\320\000N\000G}{}% 32
\BOOKMARK [2][-]{subsection.3.1}{\376\377\000P\000h\000\342\000n\000\040\000T\000\355\000c\000h\000\040\000H\036\307\000\040\000T\000h\036\321\000n\000g}{section.3}% 33
\BOOKMARK [3][-]{subsubsection.3.1.1}{\376\377\000B\000i\036\303\000u\000\040\001\021\036\323\000\040\000U\000s\000e\000\040\000C\000a\000s\000e}{subsection.3.1}% 34
\BOOKMARK [3][-]{subsubsection.3.1.2}{\376\377\001\020\036\267\000c\000\040\000t\036\243\000\040\000c\000\341\000c\000\040\000U\000s\000e\000\040\000C\000a\000s\000e\000\040\000c\000h\000\355\000n\000h}{subsection.3.1}% 35
\BOOKMARK [2][-]{subsection.3.2}{\376\377\000T\000h\000i\036\277\000t\000\040\000K\036\277\000\040\000H\036\307\000\040\000T\000h\036\321\000n\000g}{section.3}% 36
\BOOKMARK [3][-]{subsubsection.3.2.1}{\376\377\000B\000i\036\303\000u\000\040\001\021\036\323\000\040\000A\000c\000t\000i\000v\000i\000t\000y\000\040\000\050\000H\000o\036\241\000t\000\040\001\021\036\331\000n\000g\000\051}{subsection.3.2}% 37
\BOOKMARK [3][-]{subsubsection.3.2.2}{\376\377\000B\000i\036\303\000u\000\040\001\021\036\323\000\040\000S\000e\000q\000u\000e\000n\000c\000e\000\040\000\050\000T\000u\036\247\000n\000\040\000t\036\361\000\051}{subsection.3.2}% 38
\BOOKMARK [1][-]{section.4}{\376\377\000T\000H\000I\036\276\000T\000\040\000K\036\276\000\040\000C\001\240\000\040\000S\036\336\000\040\000D\036\356\000\040\000L\000I\036\306\000U}{}% 39
\BOOKMARK [1][-]{section.5}{\376\377\000K\036\276\000T\000\040\000Q\000U\036\242\000\040\000T\000H\036\360\000C\000\040\000N\000G\000H\000I\036\306\000M}{}% 40
\BOOKMARK [1][-]{section.6}{\376\377\000K\036\276\000T\000\040\000L\000U\036\254\000N\000\040\000V\000\300\000\040\000K\000I\036\276\000N\000\040\000N\000G\000H\036\312}{}% 41
\BOOKMARK [2][-]{subsection.6.1}{\376\377\000K\036\277\000t\000\040\000L\000u\036\255\000n}{section.6}% 42
\BOOKMARK [3][-]{subsubsection.6.1.1}{\376\377\000T\036\325\000n\000g\000\040\000k\036\277\000t\000\040\000q\000u\000\341\000\040\000t\000r\000\354\000n\000h\000\040\000t\000h\036\361\000c\000\040\000h\000i\036\307\000n\000\040\001\021\036\323\000\040\000\341\000n}{subsection.6.1}% 43
\BOOKMARK [3][-]{subsubsection.6.1.2}{\376\377\000K\036\277\000t\000\040\000q\000u\036\243\000\040\001\021\036\241\000t\000\040\001\021\001\260\036\343\000c}{subsection.6.1}% 44
\BOOKMARK [3][-]{subsubsection.6.1.3}{\376\377\000H\036\241\000n\000\040\000c\000h\036\277\000\040\000v\000\340\000\040\000t\000h\000\341\000c\000h\000\040\000t\000h\036\351\000c}{subsection.6.1}% 45
\BOOKMARK [2][-]{subsection.6.2}{\376\377\000K\000i\036\277\000n\000\040\000n\000g\000h\036\313\000\040\000v\000\340\000\040\000h\001\260\036\333\000n\000g\000\040\000p\000h\000\341\000t\000\040\000t\000r\000i\036\303\000n}{section.6}% 46
\BOOKMARK [3][-]{subsubsection.6.2.1}{\376\377\000P\000h\000\341\000t\000\040\000t\000r\000i\036\303\000n\000\040\036\351\000n\000g\000\040\000d\036\345\000n\000g\000\040\000d\000i\000\040\001\021\036\331\000n\000g}{subsection.6.2}% 47
\BOOKMARK [3][-]{subsubsection.6.2.2}{\376\377\000N\000\342\000n\000g\000\040\000c\036\245\000p\000\040\000h\036\307\000\040\000t\000h\036\321\000n\000g\000\040\000g\036\343\000i\000\040\000\375\000\040\000n\036\331\000i\000\040\000d\000u\000n\000g}{subsection.6.2}% 48
\BOOKMARK [3][-]{subsubsection.6.2.3}{\376\377\000T\000r\000i\036\303\000n\000\040\000k\000h\000a\000i\000\040\000A\000I\000\040\000C\000h\000a\000t\000b\000o\000t\000\040\000h\036\315\000c\000\040\000t\036\361\000\040\001\021\036\331\000n\000g}{subsection.6.2}% 49
\BOOKMARK [3][-]{subsubsection.6.2.4}{\376\377\000T\036\321\000i\000\040\001\260\000u\000\040\000c\001\241\000\040\000c\000h\036\277\000\040\000l\000\340\000m\000\040\000m\036\333\000i\000\040\000R\000e\000d\000i\000s\000\040\000C\000a\000c\000h\000e}{subsection.6.2}% 50
\BOOKMARK [3][-]{subsubsection.6.2.5}{\376\377\000C\036\243\000i\000\040\000t\000i\036\277\000n\000\040\000h\036\307\000\040\000t\000h\036\321\000n\000g\000\040\000P\000o\000s\000t\000\040\000R\000e\000c\000o\000m\000m\000e\000n\000d\000a\000t\000i\000o\000n}{subsection.6.2}% 51
\BOOKMARK [3][-]{subsubsection.6.2.6}{\376\377\000P\000h\000\341\000t\000\040\000t\000r\000i\036\303\000n\000\040\000C\000h\000a\000t\000b\000o\000x\000A\000I\000\040\000n\036\331\000i\000\040\000b\036\331}{subsection.6.2}% 52
\BOOKMARK [1][-]{subsubsection.6.2.6}{\376\377\000T\000\300\000I\000\040\000L\000I\036\306\000U\000\040\000T\000H\000A\000M\000\040\000K\000H\036\242\000O}{}% 53
